<?xml version="1.0" encoding="UTF-8"?>
<testsuite xmlns:xsi="http://www.w3.org/2001/XMLSchema-instance" xsi:noNamespaceSchemaLocation="https://maven.apache.org/surefire/maven-surefire-plugin/xsd/surefire-test-report-3.0.xsd" version="3.0" name="io.github.yilengyao.javacnn.JavaCnnApplicationTests" time="1.399" tests="1" errors="0" skipped="0" failures="0">
  <properties>
[...]
</properties>
  <testcase name="contextLoads" classname="io.github.yilengyao.javacnn.JavaCnnApplicationTests" time="0.417">
    <system-out><![CDATA[09:15:53.087 [main] INFO org.springframework.test.context.support.AnnotationConfigContextLoaderUtils -- Could not detect default configuration classes for test class [io.github.yilengyao.javacnn.JavaCnnApplicationTests]: JavaCnnApplicationTests does not declare any static, non-private, non-final, nested classes annotated with @Configuration.
09:15:53.152 [main] INFO org.springframework.boot.test.context.SpringBootTestContextBootstrapper -- Found @SpringBootConfiguration io.github.yilengyao.javacnn.JavaCnnApplication for test class io.github.yilengyao.javacnn.JavaCnnApplicationTests

  .   ____          _            __ _ _
 /\\ / ___'_ __ _ _(_)_ __  __ _ \ \ \ \
( ( )\___ | '_ | '_| | '_ \/ _` | \ \ \ \
 \\/  ___)| |_)| | | | | || (_| |  ) ) ) )
  '  |____| .__|_| |_|_| |_\__, | / / / /
 =========|_|==============|___/=/_/_/_/
 :: Spring Boot ::                (v3.2.6)

2024-05-27T09:15:53.283-07:00  WARN 44753 --- [java-cnn] [           main] ory$DuplicateJsonObjectContextCustomizer : 

Found multiple occurrences of org.json.JSONObject on the class path:

	jar:file:/Users/yilengyao/.m2/repository/org/json/json/20231013/json-20231013.jar!/org/json/JSONObject.class
	jar:file:/Users/yilengyao/.m2/repository/com/vaadin/external/google/android-json/0.0.20131108.vaadin1/android-json-0.0.20131108.vaadin1.jar!/org/json/JSONObject.class

You may wish to exclude one of them to ensure predictable runtime behavior

2024-05-27T09:15:53.291-07:00  INFO 44753 --- [java-cnn] [           main] i.g.y.javacnn.JavaCnnApplicationTests    : Starting JavaCnnApplicationTests using Java 17.0.10 with PID 44753 (started by yilengyao in /Users/yilengyao/Documents/Java-CNN/CNN-Application)
2024-05-27T09:15:53.292-07:00  INFO 44753 --- [java-cnn] [           main] i.g.y.javacnn.JavaCnnApplicationTests    : No active profile set, falling back to 1 default profile: "default"
2024-05-27T09:15:53.989-07:00  INFO 44753 --- [java-cnn] [           main] i.g.y.javacnn.JavaCnnApplicationTests    : Started JavaCnnApplicationTests in 0.785 seconds (process running for 1.164)
]]></system-out>
  </testcase>
</testsuite>